<?xml version="1.0" encoding="UTF-8"?>
<testsuite name="com.cloudservices.eurekaservice.EurekaServiceApplicationTests" tests="1" skipped="0" failures="0" errors="0" timestamp="2019-09-08T00:40:07" hostname="siddalisMacBook" time="0.308">
  <properties/>
  <testcase name="contextLoads" classname="com.cloudservices.eurekaservice.EurekaServiceApplicationTests" time="0.308"/>
  <system-out><![CDATA[20:39:58.657 [Test worker] DEBUG org.springframework.test.context.junit4.SpringJUnit4ClassRunner - SpringJUnit4ClassRunner constructor called with [class com.cloudservices.eurekaservice.EurekaServiceApplicationTests]
20:39:58.667 [Test worker] DEBUG org.springframework.test.context.BootstrapUtils - Instantiating CacheAwareContextLoaderDelegate from class [org.springframework.test.context.cache.DefaultCacheAwareContextLoaderDelegate]
20:39:58.684 [Test worker] DEBUG org.springframework.test.context.BootstrapUtils - Instantiating BootstrapContext using constructor [public org.springframework.test.context.support.DefaultBootstrapContext(java.lang.Class,org.springframework.test.context.CacheAwareContextLoaderDelegate)]
20:39:58.715 [Test worker] DEBUG org.springframework.test.context.BootstrapUtils - Instantiating TestContextBootstrapper for test class [com.cloudservices.eurekaservice.EurekaServiceApplicationTests] from class [org.springframework.boot.test.context.SpringBootTestContextBootstrapper]
20:39:58.733 [Test worker] INFO org.springframework.boot.test.context.SpringBootTestContextBootstrapper - Neither @ContextConfiguration nor @ContextHierarchy found for test class [com.cloudservices.eurekaservice.EurekaServiceApplicationTests], using SpringBootContextLoader
20:39:58.737 [Test worker] DEBUG org.springframework.test.context.support.AbstractContextLoader - Did not detect default resource location for test class [com.cloudservices.eurekaservice.EurekaServiceApplicationTests]: class path resource [com/cloudservices/eurekaservice/EurekaServiceApplicationTests-context.xml] does not exist
20:39:58.738 [Test worker] DEBUG org.springframework.test.context.support.AbstractContextLoader - Did not detect default resource location for test class [com.cloudservices.eurekaservice.EurekaServiceApplicationTests]: class path resource [com/cloudservices/eurekaservice/EurekaServiceApplicationTestsContext.groovy] does not exist
20:39:58.738 [Test worker] INFO org.springframework.test.context.support.AbstractContextLoader - Could not detect default resource locations for test class [com.cloudservices.eurekaservice.EurekaServiceApplicationTests]: no resource found for suffixes {-context.xml, Context.groovy}.
20:39:58.740 [Test worker] INFO org.springframework.test.context.support.AnnotationConfigContextLoaderUtils - Could not detect default configuration classes for test class [com.cloudservices.eurekaservice.EurekaServiceApplicationTests]: EurekaServiceApplicationTests does not declare any static, non-private, non-final, nested classes annotated with @Configuration.
20:39:58.806 [Test worker] DEBUG org.springframework.test.context.support.ActiveProfilesUtils - Could not find an 'annotation declaring class' for annotation type [org.springframework.test.context.ActiveProfiles] and class [com.cloudservices.eurekaservice.EurekaServiceApplicationTests]
20:39:58.891 [Test worker] DEBUG org.springframework.context.annotation.ClassPathScanningCandidateComponentProvider - Identified candidate component class: file [/Users/siddalinganayak/workspace/projects/service-registry/build/classes/java/main/com/cloudservices/eurekaservice/EurekaServiceApplication.class]
20:39:58.893 [Test worker] INFO org.springframework.boot.test.context.SpringBootTestContextBootstrapper - Found @SpringBootConfiguration com.cloudservices.eurekaservice.EurekaServiceApplication for test class com.cloudservices.eurekaservice.EurekaServiceApplicationTests
20:39:59.025 [Test worker] DEBUG org.springframework.boot.test.context.SpringBootTestContextBootstrapper - @TestExecutionListeners is not present for class [com.cloudservices.eurekaservice.EurekaServiceApplicationTests]: using defaults.
20:39:59.025 [Test worker] INFO org.springframework.boot.test.context.SpringBootTestContextBootstrapper - Loaded default TestExecutionListener class names from location [META-INF/spring.factories]: [org.springframework.boot.test.autoconfigure.restdocs.RestDocsTestExecutionListener, org.springframework.boot.test.autoconfigure.web.client.MockRestServiceServerResetTestExecutionListener, org.springframework.boot.test.autoconfigure.web.servlet.MockMvcPrintOnlyOnFailureTestExecutionListener, org.springframework.boot.test.autoconfigure.web.servlet.WebDriverTestExecutionListener, org.springframework.boot.test.mock.mockito.MockitoTestExecutionListener, org.springframework.boot.test.mock.mockito.ResetMocksTestExecutionListener, org.springframework.test.context.web.ServletTestExecutionListener, org.springframework.test.context.support.DirtiesContextBeforeModesTestExecutionListener, org.springframework.test.context.support.DependencyInjectionTestExecutionListener, org.springframework.test.context.support.DirtiesContextTestExecutionListener, org.springframework.test.context.transaction.TransactionalTestExecutionListener, org.springframework.test.context.jdbc.SqlScriptsTestExecutionListener]
20:39:59.052 [Test worker] DEBUG org.springframework.boot.test.context.SpringBootTestContextBootstrapper - Skipping candidate TestExecutionListener [org.springframework.test.context.transaction.TransactionalTestExecutionListener] due to a missing dependency. Specify custom listener classes or make the default listener classes and their required dependencies available. Offending class: [org/springframework/transaction/interceptor/TransactionAttributeSource]
20:39:59.054 [Test worker] DEBUG org.springframework.boot.test.context.SpringBootTestContextBootstrapper - Skipping candidate TestExecutionListener [org.springframework.test.context.jdbc.SqlScriptsTestExecutionListener] due to a missing dependency. Specify custom listener classes or make the default listener classes and their required dependencies available. Offending class: [org/springframework/transaction/interceptor/TransactionAttribute]
20:39:59.055 [Test worker] INFO org.springframework.boot.test.context.SpringBootTestContextBootstrapper - Using TestExecutionListeners: [org.springframework.test.context.web.ServletTestExecutionListener@58b1de61, org.springframework.test.context.support.DirtiesContextBeforeModesTestExecutionListener@18c5c9cd, org.springframework.boot.test.mock.mockito.MockitoTestExecutionListener@493c7182, org.springframework.boot.test.autoconfigure.SpringBootDependencyInjectionTestExecutionListener@46cd49ef, org.springframework.test.context.support.DirtiesContextTestExecutionListener@1059d581, org.springframework.boot.test.autoconfigure.restdocs.RestDocsTestExecutionListener@2664ede6, org.springframework.boot.test.autoconfigure.web.client.MockRestServiceServerResetTestExecutionListener@cfe38c9, org.springframework.boot.test.autoconfigure.web.servlet.MockMvcPrintOnlyOnFailureTestExecutionListener@20508a88, org.springframework.boot.test.autoconfigure.web.servlet.WebDriverTestExecutionListener@7efba6de, org.springframework.boot.test.mock.mockito.ResetMocksTestExecutionListener@7ff17f3a]
20:39:59.058 [Test worker] DEBUG org.springframework.test.annotation.ProfileValueUtils - Retrieved @ProfileValueSourceConfiguration [null] for test class [com.cloudservices.eurekaservice.EurekaServiceApplicationTests]
20:39:59.059 [Test worker] DEBUG org.springframework.test.annotation.ProfileValueUtils - Retrieved ProfileValueSource type [class org.springframework.test.annotation.SystemProfileValueSource] for class [com.cloudservices.eurekaservice.EurekaServiceApplicationTests]
20:39:59.060 [Test worker] DEBUG org.springframework.test.annotation.ProfileValueUtils - Retrieved @ProfileValueSourceConfiguration [null] for test class [com.cloudservices.eurekaservice.EurekaServiceApplicationTests]
20:39:59.060 [Test worker] DEBUG org.springframework.test.annotation.ProfileValueUtils - Retrieved ProfileValueSource type [class org.springframework.test.annotation.SystemProfileValueSource] for class [com.cloudservices.eurekaservice.EurekaServiceApplicationTests]
20:39:59.066 [Test worker] DEBUG org.springframework.test.context.support.AbstractDirtiesContextTestExecutionListener - Before test class: context [DefaultTestContext@5dd7f5d1 testClass = EurekaServiceApplicationTests, testInstance = [null], testMethod = [null], testException = [null], mergedContextConfiguration = [WebMergedContextConfiguration@5c42d21e testClass = EurekaServiceApplicationTests, locations = '{}', classes = '{class com.cloudservices.eurekaservice.EurekaServiceApplication}', contextInitializerClasses = '[]', activeProfiles = '{}', propertySourceLocations = '{}', propertySourceProperties = '{org.springframework.boot.test.context.SpringBootTestContextBootstrapper=true}', contextCustomizers = set[org.springframework.boot.test.autoconfigure.properties.PropertyMappingContextCustomizer@0, org.springframework.boot.test.autoconfigure.web.servlet.WebDriverContextCustomizerFactory$Customizer@7f71b0fb, org.springframework.boot.test.context.filter.ExcludeFilterContextCustomizer@4449b478, org.springframework.boot.test.json.DuplicateJsonObjectContextCustomizerFactory$DuplicateJsonObjectContextCustomizer@77c7bdf5, org.springframework.boot.test.mock.mockito.MockitoContextCustomizer@0, org.springframework.boot.test.web.client.TestRestTemplateContextCustomizer@17e73114], resourceBasePath = 'src/main/webapp', contextLoader = 'org.springframework.boot.test.context.SpringBootContextLoader', parent = [null]], attributes = map['org.springframework.test.context.web.ServletTestExecutionListener.activateListener' -> true]], class annotated with @DirtiesContext [false] with mode [null].
20:39:59.068 [Test worker] DEBUG org.springframework.test.annotation.ProfileValueUtils - Retrieved @ProfileValueSourceConfiguration [null] for test class [com.cloudservices.eurekaservice.EurekaServiceApplicationTests]
20:39:59.068 [Test worker] DEBUG org.springframework.test.annotation.ProfileValueUtils - Retrieved ProfileValueSource type [class org.springframework.test.annotation.SystemProfileValueSource] for class [com.cloudservices.eurekaservice.EurekaServiceApplicationTests]
20:39:59.090 [Test worker] DEBUG org.springframework.test.context.support.TestPropertySourceUtils - Adding inlined properties to environment: {spring.jmx.enabled=false, org.springframework.boot.test.context.SpringBootTestContextBootstrapper=true, server.port=-1}
2019-09-07 20:40:00.105  INFO 4427 --- [    Test worker] trationDelegate$BeanPostProcessorChecker : Bean 'org.springframework.cloud.autoconfigure.ConfigurationPropertiesRebinderAutoConfiguration' of type [org.springframework.cloud.autoconfigure.ConfigurationPropertiesRebinderAutoConfiguration$$EnhancerBySpringCGLIB$$7bb5f194] is not eligible for getting processed by all BeanPostProcessors (for example: not eligible for auto-proxying)

  .   ____          _            __ _ _
 /\\ / ___'_ __ _ _(_)_ __  __ _ \ \ \ \
( ( )\___ | '_ | '_| | '_ \/ _` | \ \ \ \
 \\/  ___)| |_)| | | | | || (_| |  ) ) ) )
  '  |____| .__|_| |_|_| |_\__, | / / / /
 =========|_|==============|___/=/_/_/_/
 :: Spring Boot ::        (v2.1.7.RELEASE)

2019-09-07 20:40:00.606  INFO 4427 --- [    Test worker] c.c.e.EurekaServiceApplicationTests      : No active profile set, falling back to default profiles: default
2019-09-07 20:40:01.836  WARN 4427 --- [    Test worker] o.s.boot.actuate.endpoint.EndpointId     : Endpoint ID 'service-registry' contains invalid characters, please migrate to a valid format.
2019-09-07 20:40:02.393  INFO 4427 --- [    Test worker] o.s.cloud.context.scope.GenericScope     : BeanFactory id=d0b29eea-7c8a-3b3d-85b9-83c7469f7e9f
2019-09-07 20:40:02.607  INFO 4427 --- [    Test worker] trationDelegate$BeanPostProcessorChecker : Bean 'org.springframework.cloud.autoconfigure.ConfigurationPropertiesRebinderAutoConfiguration' of type [org.springframework.cloud.autoconfigure.ConfigurationPropertiesRebinderAutoConfiguration$$EnhancerBySpringCGLIB$$7bb5f194] is not eligible for getting processed by all BeanPostProcessors (for example: not eligible for auto-proxying)
2019-09-07 20:40:03.058  WARN 4427 --- [    Test worker] c.n.c.sources.URLConfigurationSource     : No URLs will be polled as dynamic configuration sources.
2019-09-07 20:40:03.058  INFO 4427 --- [    Test worker] c.n.c.sources.URLConfigurationSource     : To enable URLs as dynamic configuration sources, define System property archaius.configurationSource.additionalUrls or make config.properties available on classpath.
2019-09-07 20:40:03.067  WARN 4427 --- [    Test worker] c.n.c.sources.URLConfigurationSource     : No URLs will be polled as dynamic configuration sources.
2019-09-07 20:40:03.067  INFO 4427 --- [    Test worker] c.n.c.sources.URLConfigurationSource     : To enable URLs as dynamic configuration sources, define System property archaius.configurationSource.additionalUrls or make config.properties available on classpath.
2019-09-07 20:40:04.020  INFO 4427 --- [    Test worker] o.s.s.concurrent.ThreadPoolTaskExecutor  : Initializing ExecutorService 'applicationTaskExecutor'
2019-09-07 20:40:06.151  INFO 4427 --- [    Test worker] o.s.c.n.eureka.InstanceInfoFactory       : Setting initial instance status as: STARTING
2019-09-07 20:40:06.209  INFO 4427 --- [    Test worker] com.netflix.discovery.DiscoveryClient    : Initializing Eureka in region us-east-1
2019-09-07 20:40:06.210  INFO 4427 --- [    Test worker] com.netflix.discovery.DiscoveryClient    : Client configured to neither register nor query for data.
2019-09-07 20:40:06.240  INFO 4427 --- [    Test worker] com.netflix.discovery.DiscoveryClient    : Discovery Client initialized at timestamp 1567903206238 with initial instances count: 0
2019-09-07 20:40:06.334  INFO 4427 --- [    Test worker] c.n.eureka.DefaultEurekaServerContext    : Initializing ...
2019-09-07 20:40:06.338  INFO 4427 --- [    Test worker] c.n.eureka.cluster.PeerEurekaNodes       : Adding new peer nodes [http://localhost:8761/eureka/]
2019-09-07 20:40:06.707  INFO 4427 --- [    Test worker] c.n.d.provider.DiscoveryJerseyProvider   : Using JSON encoding codec LegacyJacksonJson
2019-09-07 20:40:06.709  INFO 4427 --- [    Test worker] c.n.d.provider.DiscoveryJerseyProvider   : Using JSON decoding codec LegacyJacksonJson
2019-09-07 20:40:06.709  INFO 4427 --- [    Test worker] c.n.d.provider.DiscoveryJerseyProvider   : Using XML encoding codec XStreamXml
2019-09-07 20:40:06.709  INFO 4427 --- [    Test worker] c.n.d.provider.DiscoveryJerseyProvider   : Using XML decoding codec XStreamXml
2019-09-07 20:40:07.069  INFO 4427 --- [    Test worker] c.n.eureka.cluster.PeerEurekaNodes       : Replica node URL:  http://localhost:8761/eureka/
2019-09-07 20:40:07.084  INFO 4427 --- [    Test worker] c.n.e.registry.AbstractInstanceRegistry  : Finished initializing remote region registries. All known remote regions: []
2019-09-07 20:40:07.090  INFO 4427 --- [    Test worker] c.n.eureka.DefaultEurekaServerContext    : Initialized
2019-09-07 20:40:07.320  INFO 4427 --- [    Test worker] o.s.b.a.e.web.EndpointLinksResolver      : Exposing 2 endpoint(s) beneath base path '/actuator'
2019-09-07 20:40:07.414  INFO 4427 --- [      Thread-14] o.s.c.n.e.server.EurekaServerBootstrap   : Setting the eureka configuration..
2019-09-07 20:40:07.414  INFO 4427 --- [      Thread-14] o.s.c.n.e.server.EurekaServerBootstrap   : Eureka data center value eureka.datacenter is not set, defaulting to default
2019-09-07 20:40:07.415  INFO 4427 --- [      Thread-14] o.s.c.n.e.server.EurekaServerBootstrap   : Eureka environment value eureka.environment is not set, defaulting to test
2019-09-07 20:40:07.439  INFO 4427 --- [      Thread-14] o.s.c.n.e.server.EurekaServerBootstrap   : isAws returned false
2019-09-07 20:40:07.439  INFO 4427 --- [      Thread-14] o.s.c.n.e.server.EurekaServerBootstrap   : Initialized server context
2019-09-07 20:40:07.440  INFO 4427 --- [      Thread-14] c.n.e.r.PeerAwareInstanceRegistryImpl    : Got 1 instances from neighboring DS node
2019-09-07 20:40:07.440  INFO 4427 --- [      Thread-14] c.n.e.r.PeerAwareInstanceRegistryImpl    : Renew threshold is: 1
2019-09-07 20:40:07.440  INFO 4427 --- [      Thread-14] c.n.e.r.PeerAwareInstanceRegistryImpl    : Changing status to UP
2019-09-07 20:40:07.453  INFO 4427 --- [      Thread-14] e.s.EurekaServerInitializerConfiguration : Started Eureka Server
2019-09-07 20:40:07.463  INFO 4427 --- [    Test worker] c.c.e.EurekaServiceApplicationTests      : Started EurekaServiceApplicationTests in 8.357 seconds (JVM running for 9.649)
]]></system-out>
  <system-err><![CDATA[]]></system-err>
</testsuite>
